<?xml version="1.0" encoding="UTF-8"?>
<testsuite name="PortfolioTest" tests="1" skipped="0" failures="0" errors="0" timestamp="2021-02-12T11:32:17" hostname="theMambaMentality.local" time="0.549">
  <properties/>
  <testcase name="addingDuplicateStocksThrowsAnException()" classname="PortfolioTest" time="0.549"/>
  <system-out><![CDATA[]]></system-out>
  <system-err><![CDATA[]]></system-err>
</testsuite>
